2024-02-22 10:38:53.753 [info] Log level: Info
2024-02-22 10:38:53.753 [info] Validating found git in: "git"
2024-02-22 10:38:53.753 [info] Using git "2.39.2" from "git"
2024-02-22 10:38:53.753 [info] > git rev-parse --show-toplevel [19ms]
2024-02-22 10:38:53.753 [info] fatal: not a git repository (or any of the parent directories): .git
2024-02-22 10:38:53.753 [info] > git rev-parse --show-toplevel [4ms]
2024-02-22 10:38:53.753 [info] fatal: not a git repository (or any of the parent directories): .git
2024-02-22 10:38:53.753 [info] > git rev-parse --show-toplevel [6ms]
2024-02-22 10:38:53.753 [info] fatal: not a git repository (or any of the parent directories): .git
2024-02-22 10:38:53.753 [info] > git rev-parse --show-toplevel [4ms]
2024-02-22 10:38:53.753 [info] fatal: not a git repository (or any of the parent directories): .git
2024-02-22 10:38:53.753 [info] > git rev-parse --show-toplevel [3ms]
2024-02-22 10:38:53.753 [info] fatal: not a git repository (or any of the parent directories): .git
2024-02-22 10:38:53.753 [info] > git rev-parse --show-toplevel [3ms]
2024-02-22 10:38:53.754 [info] fatal: not a git repository (or any of the parent directories): .git
2024-02-22 10:38:53.754 [info] > git rev-parse --show-toplevel [3ms]
2024-02-22 10:38:53.754 [info] fatal: not a git repository (or any of the parent directories): .git
2024-02-22 10:38:53.754 [info] > git rev-parse --show-toplevel [3ms]
2024-02-22 10:38:53.754 [info] fatal: not a git repository (or any of the parent directories): .git
2024-02-22 10:38:53.754 [info] > git rev-parse --show-toplevel [3ms]
2024-02-22 10:38:53.754 [info] fatal: not a git repository (or any of the parent directories): .git
2024-02-22 10:38:53.754 [info] > git rev-parse --show-toplevel [3ms]
2024-02-22 10:38:53.754 [info] fatal: not a git repository (or any of the parent directories): .git
2024-02-22 10:38:53.754 [info] > git rev-parse --show-toplevel [4ms]
2024-02-22 10:38:53.754 [info] fatal: not a git repository (or any of the parent directories): .git
2024-02-22 10:38:53.754 [info] > git rev-parse --show-toplevel [4ms]
2024-02-22 10:38:53.754 [info] fatal: not a git repository (or any of the parent directories): .git
2024-02-22 10:38:55.378 [info] > git rev-parse --show-toplevel [5ms]
2024-02-22 10:38:55.378 [info] fatal: not a git repository (or any of the parent directories): .git
2024-02-22 10:54:59.952 [info] > git rev-parse --show-toplevel [24ms]
2024-02-22 10:54:59.953 [info] fatal: not a git repository (or any of the parent directories): .git
2024-02-22 10:55:00.985 [info] > git rev-parse --show-toplevel [9ms]
2024-02-22 10:55:00.985 [info] fatal: not a git repository (or any of the parent directories): .git
2024-02-22 10:55:03.063 [info] > git rev-parse --show-toplevel [14ms]
2024-02-22 10:55:03.063 [info] fatal: not a git repository (or any of the parent directories): .git
2024-02-22 10:55:03.893 [info] > git rev-parse --show-toplevel [4ms]
2024-02-22 10:55:03.893 [info] fatal: not a git repository (or any of the parent directories): .git
2024-02-22 10:55:08.803 [info] > git rev-parse --show-toplevel [4ms]
2024-02-22 10:55:08.803 [info] fatal: not a git repository (or any of the parent directories): .git
2024-02-22 10:55:10.783 [info] > git rev-parse --show-toplevel [3ms]
2024-02-22 10:55:10.783 [info] fatal: not a git repository (or any of the parent directories): .git
2024-02-22 10:55:11.874 [info] > git rev-parse --show-toplevel [4ms]
2024-02-22 10:55:11.874 [info] fatal: not a git repository (or any of the parent directories): .git
2024-02-22 10:55:15.558 [info] > git rev-parse --show-toplevel [10ms]
2024-02-22 10:55:15.558 [info] fatal: not a git repository (or any of the parent directories): .git
2024-02-22 10:55:32.034 [info] > git rev-parse --show-toplevel [6ms]
2024-02-22 10:55:32.034 [info] fatal: not a git repository (or any of the parent directories): .git
2024-02-22 10:55:32.978 [info] > git rev-parse --show-toplevel [7ms]
2024-02-22 10:55:32.978 [info] fatal: not a git repository (or any of the parent directories): .git
2024-02-22 10:55:55.224 [info] > git rev-parse --show-toplevel [14ms]
2024-02-22 10:55:55.224 [info] fatal: not a git repository (or any of the parent directories): .git
2024-02-22 10:56:08.338 [info] > git rev-parse --show-toplevel [23ms]
2024-02-22 10:56:08.339 [info] fatal: not a git repository (or any of the parent directories): .git
2024-02-22 10:56:12.747 [info] > git rev-parse --show-toplevel [5ms]
2024-02-22 10:56:12.747 [info] fatal: not a git repository (or any of the parent directories): .git
2024-02-22 10:56:13.658 [info] > git rev-parse --show-toplevel [10ms]
2024-02-22 10:56:13.658 [info] fatal: not a git repository (or any of the parent directories): .git
2024-02-22 10:56:14.455 [info] > git rev-parse --show-toplevel [6ms]
2024-02-22 10:56:14.455 [info] fatal: not a git repository (or any of the parent directories): .git
2024-02-22 10:56:16.203 [info] > git rev-parse --show-toplevel [8ms]
2024-02-22 10:56:16.203 [info] fatal: not a git repository (or any of the parent directories): .git
2024-02-22 10:56:24.849 [info] > git rev-parse --show-toplevel [12ms]
2024-02-22 10:56:24.849 [info] fatal: not a git repository (or any of the parent directories): .git
2024-02-22 10:56:29.883 [info] > git rev-parse --show-toplevel [11ms]
2024-02-22 10:56:29.883 [info] fatal: not a git repository (or any of the parent directories): .git
2024-02-22 10:56:35.742 [info] > git rev-parse --show-toplevel [10ms]
2024-02-22 10:56:35.742 [info] fatal: not a git repository (or any of the parent directories): .git
2024-02-22 10:58:42.742 [info] > git rev-parse --show-toplevel [4ms]
2024-02-22 10:58:42.742 [info] fatal: not a git repository (or any of the parent directories): .git
2024-02-22 10:58:48.659 [info] > git rev-parse --show-toplevel [11ms]
2024-02-22 10:58:48.660 [info] fatal: not a git repository (or any of the parent directories): .git
2024-02-22 10:59:37.722 [info] > git rev-parse --show-toplevel [4ms]
2024-02-22 10:59:37.722 [info] fatal: not a git repository (or any of the parent directories): .git
2024-02-22 11:00:17.835 [info] > git rev-parse --show-toplevel [8ms]
2024-02-22 11:00:17.835 [info] fatal: not a git repository (or any of the parent directories): .git
2024-02-22 11:01:54.395 [info] > git rev-parse --show-toplevel [8ms]
2024-02-22 11:01:54.395 [info] fatal: not a git repository (or any of the parent directories): .git
2024-02-22 11:03:36.122 [info] > git rev-parse --show-toplevel [7ms]
2024-02-22 11:03:36.122 [info] fatal: not a git repository (or any of the parent directories): .git
2024-02-22 11:04:13.279 [info] > git rev-parse --show-toplevel [4ms]
2024-02-22 11:04:13.279 [info] fatal: not a git repository (or any of the parent directories): .git
2024-02-22 11:05:54.958 [info] > git rev-parse --show-toplevel [6ms]
2024-02-22 11:05:54.958 [info] fatal: not a git repository (or any of the parent directories): .git
2024-02-22 11:05:56.159 [info] > git rev-parse --show-toplevel [15ms]
2024-02-22 11:05:56.159 [info] fatal: not a git repository (or any of the parent directories): .git
2024-02-22 11:05:57.437 [info] > git rev-parse --show-toplevel [17ms]
2024-02-22 11:05:57.437 [info] fatal: not a git repository (or any of the parent directories): .git
2024-02-22 11:06:00.727 [info] > git rev-parse --show-toplevel [8ms]
2024-02-22 11:06:00.727 [info] fatal: not a git repository (or any of the parent directories): .git
2024-02-22 11:08:06.628 [info] > git rev-parse --show-toplevel [9ms]
2024-02-22 11:08:06.628 [info] fatal: not a git repository (or any of the parent directories): .git
2024-02-22 11:08:41.736 [info] > git rev-parse --show-toplevel [7ms]
2024-02-22 11:08:41.736 [info] fatal: not a git repository (or any of the parent directories): .git
2024-02-22 11:10:01.764 [info] > git rev-parse --show-toplevel [9ms]
2024-02-22 11:10:01.765 [info] fatal: not a git repository (or any of the parent directories): .git
2024-02-22 11:10:33.429 [info] > git rev-parse --show-toplevel [3ms]
2024-02-22 11:10:33.429 [info] fatal: not a git repository (or any of the parent directories): .git
2024-02-22 11:13:29.723 [info] > git rev-parse --show-toplevel [8ms]
2024-02-22 11:13:29.723 [info] fatal: not a git repository (or any of the parent directories): .git
2024-02-22 11:14:15.545 [info] > git rev-parse --show-toplevel [8ms]
2024-02-22 11:14:15.545 [info] fatal: not a git repository (or any of the parent directories): .git
2024-02-22 11:16:31.416 [info] > git rev-parse --show-toplevel [3ms]
2024-02-22 11:16:31.416 [info] fatal: not a git repository (or any of the parent directories): .git
2024-02-22 11:16:36.760 [info] > git rev-parse --show-toplevel [7ms]
2024-02-22 11:16:36.760 [info] fatal: not a git repository (or any of the parent directories): .git
2024-02-22 11:16:41.799 [info] > git rev-parse --show-toplevel [4ms]
2024-02-22 11:16:41.799 [info] fatal: not a git repository (or any of the parent directories): .git
2024-02-22 11:17:12.699 [info] > git rev-parse --show-toplevel [4ms]
2024-02-22 11:17:12.699 [info] fatal: not a git repository (or any of the parent directories): .git
2024-02-22 11:17:53.337 [info] > git rev-parse --show-toplevel [8ms]
2024-02-22 11:17:53.337 [info] fatal: not a git repository (or any of the parent directories): .git
2024-02-22 11:17:58.398 [info] > git rev-parse --show-toplevel [8ms]
2024-02-22 11:17:58.398 [info] fatal: not a git repository (or any of the parent directories): .git
2024-02-22 11:18:01.199 [info] > git rev-parse --show-toplevel [8ms]
2024-02-22 11:18:01.199 [info] fatal: not a git repository (or any of the parent directories): .git
2024-02-22 11:18:02.311 [info] > git rev-parse --show-toplevel [9ms]
2024-02-22 11:18:02.312 [info] fatal: not a git repository (or any of the parent directories): .git
2024-02-22 11:18:03.264 [info] > git rev-parse --show-toplevel [22ms]
2024-02-22 11:18:03.264 [info] fatal: not a git repository (or any of the parent directories): .git
2024-02-22 11:18:04.427 [info] > git rev-parse --show-toplevel [3ms]
2024-02-22 11:18:04.427 [info] fatal: not a git repository (or any of the parent directories): .git
2024-02-22 11:18:05.812 [info] > git rev-parse --show-toplevel [3ms]
2024-02-22 11:18:05.812 [info] fatal: not a git repository (or any of the parent directories): .git
2024-02-22 11:18:09.920 [info] > git rev-parse --show-toplevel [8ms]
2024-02-22 11:18:09.921 [info] fatal: not a git repository (or any of the parent directories): .git
2024-02-22 11:18:11.148 [info] > git rev-parse --show-toplevel [21ms]
2024-02-22 11:18:11.148 [info] fatal: not a git repository (or any of the parent directories): .git
2024-02-22 11:18:12.925 [info] > git rev-parse --show-toplevel [3ms]
2024-02-22 11:18:12.925 [info] fatal: not a git repository (or any of the parent directories): .git
2024-02-22 11:18:14.462 [info] > git rev-parse --show-toplevel [3ms]
2024-02-22 11:18:14.462 [info] fatal: not a git repository (or any of the parent directories): .git
2024-02-22 11:20:42.773 [info] > git rev-parse --show-toplevel [10ms]
2024-02-22 11:20:42.773 [info] fatal: not a git repository (or any of the parent directories): .git
2024-02-22 11:22:44.215 [info] > git rev-parse --show-toplevel [15ms]
2024-02-22 11:22:44.216 [info] fatal: not a git repository (or any of the parent directories): .git
2024-02-22 11:23:35.144 [info] > git rev-parse --show-toplevel [19ms]
2024-02-22 11:23:35.144 [info] fatal: not a git repository (or any of the parent directories): .git
2024-02-22 11:23:40.445 [info] > git rev-parse --show-toplevel [6ms]
2024-02-22 11:23:40.445 [info] fatal: not a git repository (or any of the parent directories): .git
2024-02-22 11:26:04.142 [info] > git rev-parse --show-toplevel [4ms]
2024-02-22 11:26:04.142 [info] fatal: not a git repository (or any of the parent directories): .git
2024-02-22 11:26:27.582 [info] > git rev-parse --show-toplevel [7ms]
2024-02-22 11:26:27.583 [info] fatal: not a git repository (or any of the parent directories): .git
2024-02-22 11:26:36.045 [info] > git rev-parse --show-toplevel [9ms]
2024-02-22 11:26:36.046 [info] fatal: not a git repository (or any of the parent directories): .git
2024-02-22 11:26:39.452 [info] > git rev-parse --show-toplevel [9ms]
2024-02-22 11:26:39.452 [info] fatal: not a git repository (or any of the parent directories): .git
2024-02-22 11:26:42.584 [info] > git rev-parse --show-toplevel [7ms]
2024-02-22 11:26:42.584 [info] fatal: not a git repository (or any of the parent directories): .git
2024-02-22 11:26:44.614 [info] > git rev-parse --show-toplevel [8ms]
2024-02-22 11:26:44.614 [info] fatal: not a git repository (or any of the parent directories): .git
2024-02-22 11:26:46.318 [info] > git rev-parse --show-toplevel [6ms]
2024-02-22 11:26:46.318 [info] fatal: not a git repository (or any of the parent directories): .git
2024-02-22 11:26:47.099 [info] > git rev-parse --show-toplevel [8ms]
2024-02-22 11:26:47.100 [info] fatal: not a git repository (or any of the parent directories): .git
2024-02-22 11:27:00.868 [info] > git rev-parse --show-toplevel [7ms]
2024-02-22 11:27:00.869 [info] fatal: not a git repository (or any of the parent directories): .git
