2024-02-21 14:14:30.193 [info] Extension host with pid 7894 started
2024-02-21 14:14:30.194 [error] Error: EEXIST: file already exists, open '/home/diewert/.vscode-server/data/User/workspaceStorage/ecbf848753e51a2b2d1b51bcbe75683a/vscode.lock'
2024-02-21 14:14:30.227 [info] Lock '/home/diewert/.vscode-server/data/User/workspaceStorage/ecbf848753e51a2b2d1b51bcbe75683a/vscode.lock': Could not acquire lock, checking if the file is stale.
2024-02-21 14:14:30.304 [info] Lock '/home/diewert/.vscode-server/data/User/workspaceStorage/ecbf848753e51a2b2d1b51bcbe75683a/vscode.lock': The lock does not look stale, elapsed: 796 ms, giving up.
2024-02-21 14:14:30.413 [info] ExtensionService#_doActivateExtension vscode.php-language-features, startup: false, activationEvent: 'onLanguage:php'
2024-02-21 14:14:30.428 [info] ExtensionService#_doActivateExtension vscode.emmet, startup: false, activationEvent: 'onLanguage'
2024-02-21 14:14:30.557 [info] ExtensionService#_doActivateExtension vscode.git-base, startup: false, activationEvent: '*', root cause: vscode.git
2024-02-21 14:14:30.570 [info] Lock '/home/diewert/.vscode-server/data/User/workspaceStorage/ecbf848753e51a2b2d1b51bcbe75683a-1/vscode.lock': Lock acquired.
2024-02-21 14:14:30.702 [info] ExtensionService#_doActivateExtension vscode.git, startup: false, activationEvent: '*'
2024-02-21 14:14:30.704 [info] ExtensionService#_doActivateExtension vscode.github, startup: false, activationEvent: '*'
2024-02-21 14:14:31.582 [info] Eager extensions activated
2024-02-21 14:14:31.583 [info] ExtensionService#_doActivateExtension vscode.debug-auto-launch, startup: false, activationEvent: 'onStartupFinished'
2024-02-21 14:14:31.585 [info] ExtensionService#_doActivateExtension vscode.merge-conflict, startup: false, activationEvent: 'onStartupFinished'
2024-02-21 14:14:34.907 [error] Error: getaddrinfo ENOTFOUND mobile.events.data.microsoft.com
	at GetAddrInfoReqWrap.onlookup [as oncomplete] (node:dns:107:26)
2024-02-21 14:14:38.118 [error] Error: getaddrinfo ENOTFOUND mobile.events.data.microsoft.com
	at GetAddrInfoReqWrap.onlookup [as oncomplete] (node:dns:107:26)
2024-02-21 14:16:24.005 [info] Extension host terminating: received terminate message from renderer
2024-02-21 14:16:24.007 [info] Lock '/home/diewert/.vscode-server/data/User/workspaceStorage/ecbf848753e51a2b2d1b51bcbe75683a-1/vscode.lock': Marking the lockfile as scheduled to be released in 6000 ms.
2024-02-21 14:16:24.196 [info] Extension host with pid 7894 exiting with code 0
