2024-02-26 11:24:12.321 [info] Log level: Info
2024-02-26 11:24:12.321 [info] Validating found git in: "git"
2024-02-26 11:24:12.321 [info] Using git "2.39.2" from "git"
2024-02-26 11:24:12.321 [info] > git rev-parse --show-toplevel [13ms]
2024-02-26 11:24:12.321 [info] fatal: not a git repository (or any of the parent directories): .git
2024-02-26 11:24:12.321 [info] > git rev-parse --show-toplevel [6ms]
2024-02-26 11:24:12.321 [info] fatal: not a git repository (or any of the parent directories): .git
2024-02-26 11:24:12.321 [info] > git rev-parse --show-toplevel [4ms]
2024-02-26 11:24:12.321 [info] fatal: not a git repository (or any of the parent directories): .git
2024-02-26 11:24:12.321 [info] > git rev-parse --show-toplevel [26ms]
2024-02-26 11:24:12.321 [info] fatal: not a git repository (or any of the parent directories): .git
2024-02-26 11:24:12.321 [info] > git rev-parse --show-toplevel [4ms]
2024-02-26 11:24:12.321 [info] fatal: not a git repository (or any of the parent directories): .git
2024-02-26 11:24:12.321 [info] > git rev-parse --show-toplevel [5ms]
2024-02-26 11:24:12.321 [info] fatal: not a git repository (or any of the parent directories): .git
2024-02-26 11:24:12.322 [info] > git rev-parse --show-toplevel [35ms]
2024-02-26 11:24:12.322 [info] fatal: not a git repository (or any of the parent directories): .git
2024-02-26 11:24:12.322 [info] > git rev-parse --show-toplevel [5ms]
2024-02-26 11:24:12.322 [info] fatal: not a git repository (or any of the parent directories): .git
2024-02-26 11:24:12.322 [info] > git rev-parse --show-toplevel [16ms]
2024-02-26 11:24:12.322 [info] fatal: not a git repository (or any of the parent directories): .git
2024-02-26 11:24:12.322 [info] > git rev-parse --show-toplevel [8ms]
2024-02-26 11:24:12.322 [info] fatal: not a git repository (or any of the parent directories): .git
2024-02-26 11:24:12.322 [info] > git rev-parse --show-toplevel [19ms]
2024-02-26 11:24:12.322 [info] fatal: not a git repository (or any of the parent directories): .git
2024-02-26 11:24:12.327 [info] > git rev-parse --show-toplevel [6ms]
2024-02-26 11:24:12.327 [info] fatal: not a git repository (or any of the parent directories): .git
2024-02-26 11:24:12.358 [info] > git rev-parse --show-toplevel [3ms]
2024-02-26 11:24:12.358 [info] fatal: not a git repository (or any of the parent directories): .git
2024-02-26 11:24:12.375 [info] > git rev-parse --show-toplevel [4ms]
2024-02-26 11:24:12.375 [info] fatal: not a git repository (or any of the parent directories): .git
2024-02-26 11:24:12.392 [info] > git rev-parse --show-toplevel [4ms]
2024-02-26 11:24:12.392 [info] fatal: not a git repository (or any of the parent directories): .git
