2024-02-26 11:42:17.201 [info] Extension host with pid 3194 started
2024-02-26 11:42:17.202 [error] Error: EEXIST: file already exists, open '/home/diewert/.vscode-server/data/User/workspaceStorage/e2de87c33c293ba00d112fe6a3056c8f/vscode.lock'
2024-02-26 11:42:17.256 [info] Lock '/home/diewert/.vscode-server/data/User/workspaceStorage/e2de87c33c293ba00d112fe6a3056c8f/vscode.lock': Could not acquire lock, checking if the file is stale.
2024-02-26 11:42:17.280 [info] Lock '/home/diewert/.vscode-server/data/User/workspaceStorage/e2de87c33c293ba00d112fe6a3056c8f/vscode.lock': The lock does not look stale, elapsed: 693 ms, giving up.
2024-02-26 11:42:17.313 [error] Error: EEXIST: file already exists, open '/home/diewert/.vscode-server/data/User/workspaceStorage/e2de87c33c293ba00d112fe6a3056c8f-1/vscode.lock'
2024-02-26 11:42:17.315 [info] Lock '/home/diewert/.vscode-server/data/User/workspaceStorage/e2de87c33c293ba00d112fe6a3056c8f-1/vscode.lock': Could not acquire lock, checking if the file is stale.
2024-02-26 11:42:17.318 [info] Lock '/home/diewert/.vscode-server/data/User/workspaceStorage/e2de87c33c293ba00d112fe6a3056c8f-1/vscode.lock': The pid 4587 appears to be gone.
2024-02-26 11:42:17.318 [info] Lock '/home/diewert/.vscode-server/data/User/workspaceStorage/e2de87c33c293ba00d112fe6a3056c8f-1/vscode.lock': Deleting a stale lock.
2024-02-26 11:42:17.345 [info] Lock '/home/diewert/.vscode-server/data/User/workspaceStorage/e2de87c33c293ba00d112fe6a3056c8f-1/vscode.lock': Lock acquired.
2024-02-26 11:42:17.699 [info] ExtensionService#_doActivateExtension vscode.php-language-features, startup: false, activationEvent: 'onLanguage:php'
2024-02-26 11:42:17.704 [info] ExtensionService#_doActivateExtension vscode.emmet, startup: false, activationEvent: 'onLanguage'
2024-02-26 11:42:17.825 [info] ExtensionService#_doActivateExtension vscode.git-base, startup: false, activationEvent: '*', root cause: vscode.git
2024-02-26 11:42:18.071 [info] ExtensionService#_doActivateExtension vscode.npm, startup: true, activationEvent: 'workspaceContains:package.json'
2024-02-26 11:42:18.212 [info] ExtensionService#_doActivateExtension vscode.git, startup: false, activationEvent: '*'
2024-02-26 11:42:18.214 [info] ExtensionService#_doActivateExtension vscode.github, startup: false, activationEvent: '*'
2024-02-26 11:42:19.814 [info] Eager extensions activated
2024-02-26 11:42:19.815 [info] ExtensionService#_doActivateExtension vscode.debug-auto-launch, startup: false, activationEvent: 'onStartupFinished'
2024-02-26 11:42:19.817 [info] ExtensionService#_doActivateExtension vscode.merge-conflict, startup: false, activationEvent: 'onStartupFinished'
2024-02-26 11:42:21.870 [error] Error: getaddrinfo ENOTFOUND mobile.events.data.microsoft.com
	at GetAddrInfoReqWrap.onlookup [as oncomplete] (node:dns:107:26)
2024-02-26 11:42:24.782 [error] Error: getaddrinfo ENOTFOUND mobile.events.data.microsoft.com
	at GetAddrInfoReqWrap.onlookup [as oncomplete] (node:dns:107:26)
