2024-02-26 11:42:19.279 [info] Log level: Info
2024-02-26 11:42:19.279 [info] Validating found git in: "git"
2024-02-26 11:42:19.279 [info] Using git "2.39.2" from "git"
2024-02-26 11:42:19.279 [info] > git rev-parse --show-toplevel [37ms]
2024-02-26 11:42:19.279 [info] fatal: not a git repository (or any of the parent directories): .git
2024-02-26 11:42:19.279 [info] > git rev-parse --show-toplevel [8ms]
2024-02-26 11:42:19.279 [info] fatal: not a git repository (or any of the parent directories): .git
2024-02-26 11:42:19.280 [info] > git rev-parse --show-toplevel [31ms]
2024-02-26 11:42:19.280 [info] fatal: not a git repository (or any of the parent directories): .git
2024-02-26 11:42:19.280 [info] > git rev-parse --show-toplevel [12ms]
2024-02-26 11:42:19.280 [info] fatal: not a git repository (or any of the parent directories): .git
2024-02-26 11:42:19.280 [info] > git rev-parse --show-toplevel [25ms]
2024-02-26 11:42:19.280 [info] fatal: not a git repository (or any of the parent directories): .git
2024-02-26 11:42:19.283 [info] > git rev-parse --show-toplevel [13ms]
2024-02-26 11:42:19.283 [info] fatal: not a git repository (or any of the parent directories): .git
2024-02-26 11:42:19.320 [info] > git rev-parse --show-toplevel [18ms]
2024-02-26 11:42:19.320 [info] fatal: not a git repository (or any of the parent directories): .git
2024-02-26 11:42:19.345 [info] > git rev-parse --show-toplevel [13ms]
2024-02-26 11:42:19.345 [info] fatal: not a git repository (or any of the parent directories): .git
2024-02-26 11:42:19.362 [info] > git rev-parse --show-toplevel [4ms]
2024-02-26 11:42:19.362 [info] fatal: not a git repository (or any of the parent directories): .git
2024-02-26 11:42:19.378 [info] > git rev-parse --show-toplevel [5ms]
2024-02-26 11:42:19.378 [info] fatal: not a git repository (or any of the parent directories): .git
2024-02-26 11:42:19.402 [info] > git rev-parse --show-toplevel [8ms]
2024-02-26 11:42:19.402 [info] fatal: not a git repository (or any of the parent directories): .git
2024-02-26 11:42:19.420 [info] > git rev-parse --show-toplevel [6ms]
2024-02-26 11:42:19.420 [info] fatal: not a git repository (or any of the parent directories): .git
