2024-02-26 13:43:01.508 [info] Log level: Info
2024-02-26 13:43:01.508 [info] Validating found git in: "git"
2024-02-26 13:43:01.508 [info] Using git "2.39.2" from "git"
2024-02-26 13:43:01.508 [info] > git rev-parse --show-toplevel [9ms]
2024-02-26 13:43:01.508 [info] fatal: not a git repository (or any of the parent directories): .git
2024-02-26 13:43:01.508 [info] > git rev-parse --show-toplevel [4ms]
2024-02-26 13:43:01.508 [info] fatal: not a git repository (or any of the parent directories): .git
2024-02-26 13:43:01.508 [info] > git rev-parse --show-toplevel [3ms]
2024-02-26 13:43:01.508 [info] fatal: not a git repository (or any of the parent directories): .git
2024-02-26 13:43:01.508 [info] > git rev-parse --show-toplevel [4ms]
2024-02-26 13:43:01.508 [info] fatal: not a git repository (or any of the parent directories): .git
2024-02-26 13:43:01.508 [info] > git rev-parse --show-toplevel [2ms]
2024-02-26 13:43:01.508 [info] fatal: not a git repository (or any of the parent directories): .git
2024-02-26 13:43:01.508 [info] > git rev-parse --show-toplevel [3ms]
2024-02-26 13:43:01.508 [info] fatal: not a git repository (or any of the parent directories): .git
2024-02-26 13:43:01.508 [info] > git rev-parse --show-toplevel [3ms]
2024-02-26 13:43:01.508 [info] fatal: not a git repository (or any of the parent directories): .git
2024-02-26 13:43:01.508 [info] > git rev-parse --show-toplevel [3ms]
2024-02-26 13:43:01.508 [info] fatal: not a git repository (or any of the parent directories): .git
2024-02-26 13:43:01.508 [info] > git rev-parse --show-toplevel [3ms]
2024-02-26 13:43:01.508 [info] fatal: not a git repository (or any of the parent directories): .git
2024-02-26 13:43:01.508 [info] > git rev-parse --show-toplevel [3ms]
2024-02-26 13:43:01.508 [info] fatal: not a git repository (or any of the parent directories): .git
2024-02-26 13:43:01.508 [info] > git rev-parse --show-toplevel [3ms]
2024-02-26 13:43:01.508 [info] fatal: not a git repository (or any of the parent directories): .git
2024-02-26 13:43:01.508 [info] > git rev-parse --show-toplevel [4ms]
2024-02-26 13:43:01.508 [info] fatal: not a git repository (or any of the parent directories): .git
2024-02-26 13:43:01.508 [info] > git rev-parse --show-toplevel [4ms]
2024-02-26 13:43:01.508 [info] fatal: not a git repository (or any of the parent directories): .git
2024-02-26 13:43:01.508 [info] > git rev-parse --show-toplevel [8ms]
2024-02-26 13:43:01.508 [info] fatal: not a git repository (or any of the parent directories): .git
2024-02-26 13:43:01.508 [info] > git rev-parse --show-toplevel [7ms]
2024-02-26 13:43:01.508 [info] fatal: not a git repository (or any of the parent directories): .git
2024-02-26 13:43:01.508 [info] > git rev-parse --show-toplevel [9ms]
2024-02-26 13:43:01.508 [info] fatal: not a git repository (or any of the parent directories): .git
2024-02-26 13:48:34.409 [info] > git rev-parse --show-toplevel [14ms]
2024-02-26 13:48:34.409 [info] fatal: not a git repository (or any of the parent directories): .git
2024-02-26 13:48:35.682 [info] > git rev-parse --show-toplevel [15ms]
2024-02-26 13:48:35.682 [info] fatal: not a git repository (or any of the parent directories): .git
2024-02-26 13:48:42.889 [info] > git rev-parse --show-toplevel [3ms]
2024-02-26 13:48:42.889 [info] fatal: not a git repository (or any of the parent directories): .git
2024-02-26 13:49:04.524 [info] > git rev-parse --show-toplevel [7ms]
2024-02-26 13:49:04.524 [info] fatal: not a git repository (or any of the parent directories): .git
2024-02-26 13:49:20.691 [info] > git rev-parse --show-toplevel [13ms]
2024-02-26 13:49:20.691 [info] fatal: not a git repository (or any of the parent directories): .git
