2024-02-22 12:13:13.968 [info] Log level: Info
2024-02-22 12:13:13.968 [info] Validating found git in: "git"
2024-02-22 12:13:13.968 [info] Using git "2.39.2" from "git"
2024-02-22 12:13:13.968 [info] > git rev-parse --show-toplevel [30ms]
2024-02-22 12:13:13.968 [info] fatal: not a git repository (or any of the parent directories): .git
2024-02-22 12:13:13.968 [info] > git rev-parse --show-toplevel [9ms]
2024-02-22 12:13:13.969 [info] fatal: not a git repository (or any of the parent directories): .git
2024-02-22 12:13:13.969 [info] > git rev-parse --show-toplevel [5ms]
2024-02-22 12:13:13.969 [info] fatal: not a git repository (or any of the parent directories): .git
2024-02-22 12:13:13.969 [info] > git rev-parse --show-toplevel [6ms]
2024-02-22 12:13:13.969 [info] fatal: not a git repository (or any of the parent directories): .git
2024-02-22 12:13:13.969 [info] > git rev-parse --show-toplevel [9ms]
2024-02-22 12:13:13.969 [info] fatal: not a git repository (or any of the parent directories): .git
2024-02-22 12:13:13.969 [info] > git rev-parse --show-toplevel [18ms]
2024-02-22 12:13:13.969 [info] fatal: not a git repository (or any of the parent directories): .git
2024-02-22 12:13:13.969 [info] > git rev-parse --show-toplevel [8ms]
2024-02-22 12:13:13.969 [info] fatal: not a git repository (or any of the parent directories): .git
2024-02-22 12:13:13.969 [info] > git rev-parse --show-toplevel [8ms]
2024-02-22 12:13:13.969 [info] fatal: not a git repository (or any of the parent directories): .git
2024-02-22 12:13:13.969 [info] > git rev-parse --show-toplevel [11ms]
2024-02-22 12:13:13.969 [info] fatal: not a git repository (or any of the parent directories): .git
2024-02-22 12:13:13.997 [info] > git rev-parse --show-toplevel [3ms]
2024-02-22 12:13:13.997 [info] fatal: not a git repository (or any of the parent directories): .git
2024-02-22 12:13:14.028 [info] > git rev-parse --show-toplevel [4ms]
2024-02-22 12:13:14.028 [info] fatal: not a git repository (or any of the parent directories): .git
2024-02-22 12:13:14.053 [info] > git rev-parse --show-toplevel [4ms]
2024-02-22 12:13:14.053 [info] fatal: not a git repository (or any of the parent directories): .git
