2024-02-21 14:14:32.230 [info] Log level: Info
2024-02-21 14:14:32.231 [info] Validating found git in: "git"
2024-02-21 14:14:32.231 [info] Using git "2.39.2" from "git"
2024-02-21 14:14:32.232 [info] > git rev-parse --show-toplevel [9ms]
2024-02-21 14:14:32.232 [info] fatal: not a git repository (or any of the parent directories): .git
2024-02-21 14:14:32.232 [info] > git rev-parse --show-toplevel [21ms]
2024-02-21 14:14:32.233 [info] fatal: not a git repository (or any of the parent directories): .git
2024-02-21 14:14:32.233 [info] > git rev-parse --show-toplevel [4ms]
2024-02-21 14:14:32.234 [info] fatal: not a git repository (or any of the parent directories): .git
2024-02-21 14:14:32.234 [info] > git rev-parse --show-toplevel [35ms]
2024-02-21 14:14:32.235 [info] fatal: not a git repository (or any of the parent directories): .git
2024-02-21 14:14:32.235 [info] > git rev-parse --show-toplevel [21ms]
2024-02-21 14:14:32.235 [info] fatal: not a git repository (or any of the parent directories): .git
2024-02-21 14:14:32.236 [info] > git rev-parse --show-toplevel [29ms]
2024-02-21 14:14:32.236 [info] fatal: not a git repository (or any of the parent directories): .git
2024-02-21 14:14:32.236 [info] > git rev-parse --show-toplevel [7ms]
2024-02-21 14:14:32.237 [info] fatal: not a git repository (or any of the parent directories): .git
2024-02-21 14:14:32.237 [info] > git rev-parse --show-toplevel [15ms]
2024-02-21 14:14:32.238 [info] fatal: not a git repository (or any of the parent directories): .git
2024-02-21 14:14:32.238 [info] > git rev-parse --show-toplevel [15ms]
2024-02-21 14:14:32.239 [info] fatal: not a git repository (or any of the parent directories): .git
2024-02-21 14:14:32.239 [info] > git rev-parse --show-toplevel [30ms]
2024-02-21 14:14:32.239 [info] fatal: not a git repository (or any of the parent directories): .git
2024-02-21 14:14:32.240 [info] > git rev-parse --show-toplevel [21ms]
2024-02-21 14:14:32.240 [info] fatal: not a git repository (or any of the parent directories): .git
2024-02-21 14:14:32.303 [info] > git rev-parse --show-toplevel [26ms]
2024-02-21 14:14:32.303 [info] fatal: not a git repository (or any of the parent directories): .git
2024-02-21 14:14:32.330 [info] > git rev-parse --show-toplevel [8ms]
2024-02-21 14:14:32.331 [info] fatal: not a git repository (or any of the parent directories): .git
2024-02-21 14:14:32.471 [info] > git rev-parse --show-toplevel [126ms]
2024-02-21 14:14:32.471 [info] fatal: not a git repository (or any of the parent directories): .git
2024-02-21 14:14:32.501 [info] > git rev-parse --show-toplevel [16ms]
2024-02-21 14:14:32.502 [info] fatal: not a git repository (or any of the parent directories): .git
2024-02-21 14:14:32.523 [info] > git rev-parse --show-toplevel [5ms]
2024-02-21 14:14:32.524 [info] fatal: not a git repository (or any of the parent directories): .git
2024-02-21 14:14:32.571 [info] > git rev-parse --show-toplevel [12ms]
2024-02-21 14:14:32.571 [info] fatal: not a git repository (or any of the parent directories): .git
2024-02-21 14:14:32.591 [info] > git rev-parse --show-toplevel [5ms]
2024-02-21 14:14:32.592 [info] fatal: not a git repository (or any of the parent directories): .git
2024-02-21 14:14:32.617 [info] > git rev-parse --show-toplevel [8ms]
2024-02-21 14:14:32.617 [info] fatal: not a git repository (or any of the parent directories): .git
2024-02-21 14:14:48.417 [info] > git rev-parse --show-toplevel [9ms]
2024-02-21 14:14:48.417 [info] fatal: not a git repository (or any of the parent directories): .git
2024-02-21 14:16:14.677 [info] > git rev-parse --show-toplevel [16ms]
2024-02-21 14:16:14.677 [info] fatal: not a git repository (or any of the parent directories): .git
2024-02-21 14:16:15.462 [info] > git rev-parse --show-toplevel [9ms]
2024-02-21 14:16:15.464 [info] fatal: not a git repository (or any of the parent directories): .git
2024-02-21 14:16:16.114 [info] > git rev-parse --show-toplevel [13ms]
2024-02-21 14:16:16.115 [info] fatal: not a git repository (or any of the parent directories): .git
2024-02-21 14:16:16.701 [info] > git rev-parse --show-toplevel [14ms]
2024-02-21 14:16:16.701 [info] fatal: not a git repository (or any of the parent directories): .git
2024-02-21 14:16:18.043 [info] > git rev-parse --show-toplevel [4ms]
2024-02-21 14:16:18.043 [info] fatal: not a git repository (or any of the parent directories): .git
